**********************
Windows PowerShell transcript start
Start time: 20250222205431
Username: SCCMLAB\vagrant
RunAs User: SCCMLAB\vagrant
Configuration Name: 
Machine: DC (Microsoft Windows NT 10.0.17763.0)
Host Application: C:\Windows\System32\WindowsPowerShell\v1.0\powershell.exe
Process ID: 5956
PSVersion: 5.1.17763.6893
PSEdition: Desktop
PSCompatibleVersions: 1.0, 2.0, 3.0, 4.0, 5.0, 5.1.17763.6893
BuildVersion: 10.0.17763.6893
CLRVersion: 4.0.30319.42000
WSManStackVersion: 3.0
PSRemotingProtocolVersion: 2.3
SerializationVersion: 1.1.0.1
**********************
Transcript started, output file is C:\Users\vagrant\Downloads\Commands\HashDump\Get-PassHashes.log


Name                id lm                               ntlm
----                -- --                               ----
Administrator      500 aad3b435b51404eeaad3b435b51404ee 31d6cfe0d16ae931b73c59d7e0c089c0
Guest              501 aad3b435b51404eeaad3b435b51404ee 31d6cfe0d16ae931b73c59d7e0c089c0
DefaultAccount     503 aad3b435b51404eeaad3b435b51404ee 31d6cfe0d16ae931b73c59d7e0c089c0
WDAGUtilityAccount 504 aad3b435b51404eeaad3b435b51404ee 31d6cfe0d16ae931b73c59d7e0c089c0

**********************
Windows PowerShell transcript end
End time: 20250222205431
**********************
